# JRE version: Java(TM) SE Runtime Environment (8.0_20-b26) (build 1.8.0_20-b26)
# Java VM: Java HotSpot(TM) 64-Bit Server VM (25.20-b23 mixed mode windows-amd64 compressed oops)
Heap:
 PSYoungGen      total 219648K, used 19594K [0x00000000eab00000, 0x00000000f9800000, 0x0000000100000000)
  eden space 199680K, 5% used [0x00000000eab00000,0x00000000eb4c6628,0x00000000f6e00000)
  from space 19968K, 48% used [0x00000000f6e00000,0x00000000f775c2a8,0x00000000f8180000)
  to   space 17408K, 0% used [0x00000000f8180000,0x00000000f8180000,0x00000000f9280000)
 ParOldGen       total 52736K, used 52322K [0x00000000c0000000, 0x00000000c3380000, 0x00000000eab00000)
  object space 52736K, 99% used [0x00000000c0000000,0x00000000c33188e0,0x00000000c3380000)
 Metaspace       used 51298K, capacity 53609K, committed 53888K, reserved 1095680K
  class space    used 6877K, capacity 7773K, committed 7808K, reserved 1048576K
GC Heap History (10 events):
Event: 148.585 GC heap before
{Heap before GC invocations=22 (full 2):
 PSYoungGen      total 169984K, used 167810K [0x00000000eab00000, 0x00000000f6a80000, 0x0000000100000000)
  eden space 156672K, 100% used [0x00000000eab00000,0x00000000f4400000,0x00000000f4400000)
  from space 13312K, 83% used [0x00000000f4400000,0x00000000f4ee0938,0x00000000f5100000)
  to   space 12288K, 0% used [0x00000000f5100000,0x00000000f5100000,0x00000000f5d00000)
 ParOldGen       total 52736K, used 18379K [0x00000000c0000000, 0x00000000c3380000, 0x00000000eab00000)
  object space 52736K, 34% used [0x00000000c0000000,0x00000000c11f2f00,0x00000000c3380000)
 Metaspace       used 37927K, capacity 39008K, committed 39040K, reserved 1083392K
  class space    used 4834K, capacity 5217K, committed 5248K, reserved 1048576K
Event: 148.640 GC heap after
Heap after GC invocations=22 (full 2):
 PSYoungGen      total 168960K, used 10455K [0x00000000eab00000, 0x00000000f6a80000, 0x0000000100000000)
  eden space 156672K, 0% used [0x00000000eab00000,0x00000000eab00000,0x00000000f4400000)
  from space 12288K, 85% used [0x00000000f5100000,0x00000000f5b35e80,0x00000000f5d00000)
  to   space 13312K, 0% used [0x00000000f4400000,0x00000000f4400000,0x00000000f5100000)
 ParOldGen       total 52736K, used 18379K [0x00000000c0000000, 0x00000000c3380000, 0x00000000eab00000)
  object space 52736K, 34% used [0x00000000c0000000,0x00000000c11f2f00,0x00000000c3380000)
 Metaspace       used 37927K, capacity 39008K, committed 39040K, reserved 1083392K
  class space    used 4834K, capacity 5217K, committed 5248K, reserved 1048576K
}
Event: 154.206 GC heap before
{Heap before GC invocations=23 (full 2):
 PSYoungGen      total 168960K, used 167127K [0x00000000eab00000, 0x00000000f6a80000, 0x0000000100000000)
  eden space 156672K, 100% used [0x00000000eab00000,0x00000000f4400000,0x00000000f4400000)
  from space 12288K, 85% used [0x00000000f5100000,0x00000000f5b35e80,0x00000000f5d00000)
  to   space 13312K, 0% used [0x00000000f4400000,0x00000000f4400000,0x00000000f5100000)
 ParOldGen       total 52736K, used 18379K [0x00000000c0000000, 0x00000000c3380000, 0x00000000eab00000)
  object space 52736K, 34% used [0x00000000c0000000,0x00000000c11f2f00,0x00000000c3380000)
 Metaspace       used 39179K, capacity 40560K, committed 40704K, reserved 1085440K
  class space    used 5054K, capacity 5520K, committed 5632K, reserved 1048576K
Event: 154.243 GC heap after
Heap after GC invocations=23 (full 2):
 PSYoungGen      total 169984K, used 13306K [0x00000000eab00000, 0x00000000f9280000, 0x0000000100000000)
  eden space 156672K, 0% used [0x00000000eab00000,0x00000000eab00000,0x00000000f4400000)
  from space 13312K, 99% used [0x00000000f4400000,0x00000000f50febb0,0x00000000f5100000)
  to   space 17408K, 0% used [0x00000000f8180000,0x00000000f8180000,0x00000000f9280000)
 ParOldGen       total 52736K, used 20398K [0x00000000c0000000, 0x00000000c3380000, 0x00000000eab00000)
  object space 52736K, 38% used [0x00000000c0000000,0x00000000c13ebaa8,0x00000000c3380000)
 Metaspace       used 39179K, capacity 40560K, committed 40704K, reserved 1085440K
  class space    used 5054K, capacity 5520K, committed 5632K, reserved 1048576K
}
Event: 156.468 GC heap before
{Heap before GC invocations=24 (full 2):
 PSYoungGen      total 169984K, used 169978K [0x00000000eab00000, 0x00000000f9280000, 0x0000000100000000)
  eden space 156672K, 100% used [0x00000000eab00000,0x00000000f4400000,0x00000000f4400000)
  from space 13312K, 99% used [0x00000000f4400000,0x00000000f50febb0,0x00000000f5100000)
  to   space 17408K, 0% used [0x00000000f8180000,0x00000000f8180000,0x00000000f9280000)
 ParOldGen       total 52736K, used 20398K [0x00000000c0000000, 0x00000000c3380000, 0x00000000eab00000)
  object space 52736K, 38% used [0x00000000c0000000,0x00000000c13ebaa8,0x00000000c3380000)
 Metaspace       used 40260K, capacity 42136K, committed 42240K, reserved 1085440K
  class space    used 5220K, capacity 5864K, committed 5888K, reserved 1048576K
Event: 156.523 GC heap after
Heap after GC invocations=24 (full 2):
 PSYoungGen      total 217088K, used 17383K [0x00000000eab00000, 0x00000000f9800000, 0x0000000100000000)
  eden space 199680K, 0% used [0x00000000eab00000,0x00000000eab00000,0x00000000f6e00000)
  from space 17408K, 99% used [0x00000000f8180000,0x00000000f9279e90,0x00000000f9280000)
  to   space 19968K, 0% used [0x00000000f6e00000,0x00000000f6e00000,0x00000000f8180000)
 ParOldGen       total 52736K, used 20797K [0x00000000c0000000, 0x00000000c3380000, 0x00000000eab00000)
  object space 52736K, 39% used [0x00000000c0000000,0x00000000c144f740,0x00000000c3380000)
 Metaspace       used 40260K, capacity 42136K, committed 42240K, reserved 1085440K
  class space    used 5220K, capacity 5864K, committed 5888K, reserved 1048576K
}
Event: 164.710 GC heap before
{Heap before GC invocations=25 (full 2):
 PSYoungGen      total 217088K, used 217063K [0x00000000eab00000, 0x00000000f9800000, 0x0000000100000000)
  eden space 199680K, 100% used [0x00000000eab00000,0x00000000f6e00000,0x00000000f6e00000)
  from space 17408K, 99% used [0x00000000f8180000,0x00000000f9279e90,0x00000000f9280000)
  to   space 19968K, 0% used [0x00000000f6e00000,0x00000000f6e00000,0x00000000f8180000)
 ParOldGen       total 52736K, used 20797K [0x00000000c0000000, 0x00000000c3380000, 0x00000000eab00000)
  object space 52736K, 39% used [0x00000000c0000000,0x00000000c144f740,0x00000000c3380000)
 Metaspace       used 51062K, capacity 53417K, committed 53632K, reserved 1095680K
  class space    used 6872K, capacity 7773K, committed 7808K, reserved 1048576K
Event: 164.803 GC heap after
Heap after GC invocations=25 (full 2):
 PSYoungGen      total 219648K, used 19950K [0x00000000eab00000, 0x00000000f9800000, 0x0000000100000000)
  eden space 199680K, 0% used [0x00000000eab00000,0x00000000eab00000,0x00000000f6e00000)
  from space 19968K, 99% used [0x00000000f6e00000,0x00000000f817b838,0x00000000f8180000)
  to   space 17408K, 0% used [0x00000000f8180000,0x00000000f8180000,0x00000000f9280000)
 ParOldGen       total 52736K, used 44270K [0x00000000c0000000, 0x00000000c3380000, 0x00000000eab00000)
  object space 52736K, 83% used [0x00000000c0000000,0x00000000c2b3bb48,0x00000000c3380000)
 Metaspace       used 51062K, capacity 53417K, committed 53632K, reserved 1095680K
  class space    used 6872K, capacity 7773K, committed 7808K, reserved 1048576K
}
Event: 164.803 GC heap before
{Heap before GC invocations=26 (full 3):
 PSYoungGen      total 219648K, used 19950K [0x00000000eab00000, 0x00000000f9800000, 0x0000000100000000)
  eden space 199680K, 0% used [0x00000000eab00000,0x00000000eab00000,0x00000000f6e00000)
  from space 19968K, 99% used [0x00000000f6e00000,0x00000000f817b838,0x00000000f8180000)
  to   space 17408K, 0% used [0x00000000f8180000,0x00000000f8180000,0x00000000f9280000)
 ParOldGen       total 52736K, used 44270K [0x00000000c0000000, 0x00000000c3380000, 0x00000000eab00000)
  object space 52736K, 83% used [0x00000000c0000000,0x00000000c2b3bb48,0x00000000c3380000)
 Metaspace       used 51062K, capacity 53417K, committed 53632K, reserved 1095680K
  class space    used 6872K, capacity 7773K, committed 7808K, reserved 1048576K
Event: 165.729 GC heap after
Heap after GC invocations=26 (full 3):
 PSYoungGen      total 219648K, used 9584K [0x00000000eab00000, 0x00000000f9800000, 0x0000000100000000)
  eden space 199680K, 0% used [0x00000000eab00000,0x00000000eab00000,0x00000000f6e00000)
  from space 19968K, 48% used [0x00000000f6e00000,0x00000000f775c2a8,0x00000000f8180000)
  to   space 17408K, 0% used [0x00000000f8180000,0x00000000f8180000,0x00000000f9280000)
 ParOldGen       total 52736K, used 52322K [0x00000000c0000000, 0x00000000c3380000, 0x00000000eab00000)
  object space 52736K, 99% used [0x00000000c0000000,0x00000000c33188e0,0x00000000c3380000)
 Metaspace       used 51062K, capacity 53417K, committed 53632K, reserved 1095680K
  class space    used 6872K, capacity 7773K, committed 7808K, reserved 1048576K
}

