# JRE version: Java(TM) SE Runtime Environment (8.0_20-b26) (build 1.8.0_20-b26)
# Java VM: Java HotSpot(TM) 64-Bit Server VM (25.20-b23 mixed mode windows-amd64 compressed oops)
Heap:
 PSYoungGen      total 154624K, used 17574K [0x00000000eab00000, 0x00000000f8580000, 0x0000000100000000)
  eden space 139776K, 1% used [0x00000000eab00000,0x00000000eadb0bf0,0x00000000f3380000)
  from space 14848K, 99% used [0x00000000f3380000,0x00000000f41f8cd8,0x00000000f4200000)
  to   space 19456K, 0% used [0x00000000f7280000,0x00000000f7280000,0x00000000f8580000)
 ParOldGen       total 69120K, used 39483K [0x00000000c0000000, 0x00000000c4380000, 0x00000000eab00000)
  object space 69120K, 57% used [0x00000000c0000000,0x00000000c268ef98,0x00000000c4380000)
 Metaspace       used 43062K, capacity 44845K, committed 45184K, reserved 1087488K
  class space    used 5959K, capacity 6658K, committed 6784K, reserved 1048576K
GC Heap History (10 events):
Event: 11.363 GC heap before
{Heap before GC invocations=11 (full 1):
 PSYoungGen      total 72704K, used 71998K [0x00000000eab00000, 0x00000000f1b00000, 0x0000000100000000)
  eden space 65536K, 100% used [0x00000000eab00000,0x00000000eeb00000,0x00000000eeb00000)
  from space 7168K, 90% used [0x00000000eeb00000,0x00000000ef14fb88,0x00000000ef200000)
  to   space 7680K, 0% used [0x00000000f1380000,0x00000000f1380000,0x00000000f1b00000)
 ParOldGen       total 30720K, used 8896K [0x00000000c0000000, 0x00000000c1e00000, 0x00000000eab00000)
  object space 30720K, 28% used [0x00000000c0000000,0x00000000c08b0140,0x00000000c1e00000)
 Metaspace       used 29150K, capacity 29904K, committed 30080K, reserved 1075200K
  class space    used 3921K, capacity 4218K, committed 4224K, reserved 1048576K
Event: 11.401 GC heap after
Heap after GC invocations=11 (full 1):
 PSYoungGen      total 103936K, used 7649K [0x00000000eab00000, 0x00000000f1f80000, 0x0000000100000000)
  eden space 96256K, 0% used [0x00000000eab00000,0x00000000eab00000,0x00000000f0900000)
  from space 7680K, 99% used [0x00000000f1380000,0x00000000f1af84f0,0x00000000f1b00000)
  to   space 10752K, 0% used [0x00000000f0900000,0x00000000f0900000,0x00000000f1380000)
 ParOldGen       total 30720K, used 14372K [0x00000000c0000000, 0x00000000c1e00000, 0x00000000eab00000)
  object space 30720K, 46% used [0x00000000c0000000,0x00000000c0e09298,0x00000000c1e00000)
 Metaspace       used 29150K, capacity 29904K, committed 30080K, reserved 1075200K
  class space    used 3921K, capacity 4218K, committed 4224K, reserved 1048576K
}
Event: 14.341 GC heap before
{Heap before GC invocations=12 (full 1):
 PSYoungGen      total 103936K, used 103905K [0x00000000eab00000, 0x00000000f1f80000, 0x0000000100000000)
  eden space 96256K, 100% used [0x00000000eab00000,0x00000000f0900000,0x00000000f0900000)
  from space 7680K, 99% used [0x00000000f1380000,0x00000000f1af84f0,0x00000000f1b00000)
  to   space 10752K, 0% used [0x00000000f0900000,0x00000000f0900000,0x00000000f1380000)
 ParOldGen       total 30720K, used 14372K [0x00000000c0000000, 0x00000000c1e00000, 0x00000000eab00000)
  object space 30720K, 46% used [0x00000000c0000000,0x00000000c0e09298,0x00000000c1e00000)
 Metaspace       used 32178K, capacity 33526K, committed 33664K, reserved 1077248K
  class space    used 4466K, capacity 4943K, committed 4992K, reserved 1048576K
Event: 14.408 GC heap after
Heap after GC invocations=12 (full 1):
 PSYoungGen      total 107008K, used 10743K [0x00000000eab00000, 0x00000000f5380000, 0x0000000100000000)
  eden space 96256K, 0% used [0x00000000eab00000,0x00000000eab00000,0x00000000f0900000)
  from space 10752K, 99% used [0x00000000f0900000,0x00000000f137de30,0x00000000f1380000)
  to   space 15360K, 0% used [0x00000000f4480000,0x00000000f4480000,0x00000000f5380000)
 ParOldGen       total 30720K, used 22790K [0x00000000c0000000, 0x00000000c1e00000, 0x00000000eab00000)
  object space 30720K, 74% used [0x00000000c0000000,0x00000000c16419f8,0x00000000c1e00000)
 Metaspace       used 32178K, capacity 33526K, committed 33664K, reserved 1077248K
  class space    used 4466K, capacity 4943K, committed 4992K, reserved 1048576K
}
Event: 16.285 GC heap before
{Heap before GC invocations=13 (full 1):
 PSYoungGen      total 107008K, used 46160K [0x00000000eab00000, 0x00000000f5380000, 0x0000000100000000)
  eden space 96256K, 36% used [0x00000000eab00000,0x00000000ecd96568,0x00000000f0900000)
  from space 10752K, 99% used [0x00000000f0900000,0x00000000f137de30,0x00000000f1380000)
  to   space 15360K, 0% used [0x00000000f4480000,0x00000000f4480000,0x00000000f5380000)
 ParOldGen       total 30720K, used 22790K [0x00000000c0000000, 0x00000000c1e00000, 0x00000000eab00000)
  object space 30720K, 74% used [0x00000000c0000000,0x00000000c16419f8,0x00000000c1e00000)
 Metaspace       used 34096K, capacity 35422K, committed 35456K, reserved 1079296K
  class space    used 4759K, capacity 5231K, committed 5248K, reserved 1048576K
Event: 16.336 GC heap after
Heap after GC invocations=13 (full 1):
 PSYoungGen      total 152064K, used 3844K [0x00000000eab00000, 0x00000000f5080000, 0x0000000100000000)
  eden space 139776K, 0% used [0x00000000eab00000,0x00000000eab00000,0x00000000f3380000)
  from space 12288K, 31% used [0x00000000f4480000,0x00000000f4841258,0x00000000f5080000)
  to   space 14848K, 0% used [0x00000000f3380000,0x00000000f3380000,0x00000000f4200000)
 ParOldGen       total 33792K, used 32981K [0x00000000c0000000, 0x00000000c2100000, 0x00000000eab00000)
  object space 33792K, 97% used [0x00000000c0000000,0x00000000c2035748,0x00000000c2100000)
 Metaspace       used 34096K, capacity 35422K, committed 35456K, reserved 1079296K
  class space    used 4759K, capacity 5231K, committed 5248K, reserved 1048576K
}
Event: 16.336 GC heap before
{Heap before GC invocations=14 (full 2):
 PSYoungGen      total 152064K, used 3844K [0x00000000eab00000, 0x00000000f5080000, 0x0000000100000000)
  eden space 139776K, 0% used [0x00000000eab00000,0x00000000eab00000,0x00000000f3380000)
  from space 12288K, 31% used [0x00000000f4480000,0x00000000f4841258,0x00000000f5080000)
  to   space 14848K, 0% used [0x00000000f3380000,0x00000000f3380000,0x00000000f4200000)
 ParOldGen       total 33792K, used 32981K [0x00000000c0000000, 0x00000000c2100000, 0x00000000eab00000)
  object space 33792K, 97% used [0x00000000c0000000,0x00000000c2035748,0x00000000c2100000)
 Metaspace       used 34096K, capacity 35422K, committed 35456K, reserved 1079296K
  class space    used 4759K, capacity 5231K, committed 5248K, reserved 1048576K
Event: 17.033 GC heap after
Heap after GC invocations=14 (full 2):
 PSYoungGen      total 152064K, used 0K [0x00000000eab00000, 0x00000000f5080000, 0x0000000100000000)
  eden space 139776K, 0% used [0x00000000eab00000,0x00000000eab00000,0x00000000f3380000)
  from space 12288K, 0% used [0x00000000f4480000,0x00000000f4480000,0x00000000f5080000)
  to   space 14848K, 0% used [0x00000000f3380000,0x00000000f3380000,0x00000000f4200000)
 ParOldGen       total 69120K, used 33332K [0x00000000c0000000, 0x00000000c4380000, 0x00000000eab00000)
  object space 69120K, 48% used [0x00000000c0000000,0x00000000c208d0e8,0x00000000c4380000)
 Metaspace       used 34096K, capacity 35422K, committed 35456K, reserved 1079296K
  class space    used 4759K, capacity 5231K, committed 5248K, reserved 1048576K
}
Event: 25.041 GC heap before
{Heap before GC invocations=15 (full 2):
 PSYoungGen      total 152064K, used 139776K [0x00000000eab00000, 0x00000000f5080000, 0x0000000100000000)
  eden space 139776K, 100% used [0x00000000eab00000,0x00000000f3380000,0x00000000f3380000)
  from space 12288K, 0% used [0x00000000f4480000,0x00000000f4480000,0x00000000f5080000)
  to   space 14848K, 0% used [0x00000000f3380000,0x00000000f3380000,0x00000000f4200000)
 ParOldGen       total 69120K, used 33332K [0x00000000c0000000, 0x00000000c4380000, 0x00000000eab00000)
  object space 69120K, 48% used [0x00000000c0000000,0x00000000c208d0e8,0x00000000c4380000)
 Metaspace       used 43004K, capacity 44845K, committed 45184K, reserved 1087488K
  class space    used 5956K, capacity 6658K, committed 6784K, reserved 1048576K
Event: 25.120 GC heap after
Heap after GC invocations=15 (full 2):
 PSYoungGen      total 154624K, used 14819K [0x00000000eab00000, 0x00000000f8580000, 0x0000000100000000)
  eden space 139776K, 0% used [0x00000000eab00000,0x00000000eab00000,0x00000000f3380000)
  from space 14848K, 99% used [0x00000000f3380000,0x00000000f41f8cd8,0x00000000f4200000)
  to   space 19456K, 0% used [0x00000000f7280000,0x00000000f7280000,0x00000000f8580000)
 ParOldGen       total 69120K, used 39483K [0x00000000c0000000, 0x00000000c4380000, 0x00000000eab00000)
  object space 69120K, 57% used [0x00000000c0000000,0x00000000c268ef98,0x00000000c4380000)
 Metaspace       used 43004K, capacity 44845K, committed 45184K, reserved 1087488K
  class space    used 5956K, capacity 6658K, committed 6784K, reserved 1048576K
}

